  visualTracking.cpp
d:\megasync\μεπ\github repos\visual_tracking\visual_tracking\visual_tracking\source_code\visualtracking.cpp(223): warning C4566: character represented by universal-character-name '\u03BC' cannot be represented in the current code page (1252)
d:\megasync\μεπ\github repos\visual_tracking\visual_tracking\visual_tracking\source_code\visualtracking.cpp(223): warning C4566: character represented by universal-character-name '\u03B5' cannot be represented in the current code page (1252)
d:\megasync\μεπ\github repos\visual_tracking\visual_tracking\visual_tracking\source_code\visualtracking.cpp(223): warning C4566: character represented by universal-character-name '\u03C0' cannot be represented in the current code page (1252)
d:\megasync\μεπ\github repos\visual_tracking\visual_tracking\visual_tracking\source_code\visualtracking.cpp(473): warning C4566: character represented by universal-character-name '\u03BC' cannot be represented in the current code page (1252)
d:\megasync\μεπ\github repos\visual_tracking\visual_tracking\visual_tracking\source_code\visualtracking.cpp(473): warning C4566: character represented by universal-character-name '\u03B5' cannot be represented in the current code page (1252)
d:\megasync\μεπ\github repos\visual_tracking\visual_tracking\visual_tracking\source_code\visualtracking.cpp(473): warning C4566: character represented by universal-character-name '\u03C0' cannot be represented in the current code page (1252)
d:\megasync\μεπ\github repos\visual_tracking\visual_tracking\visual_tracking\source_code\visualtracking.cpp(496): warning C4566: character represented by universal-character-name '\u03BC' cannot be represented in the current code page (1252)
d:\megasync\μεπ\github repos\visual_tracking\visual_tracking\visual_tracking\source_code\visualtracking.cpp(496): warning C4566: character represented by universal-character-name '\u03B5' cannot be represented in the current code page (1252)
d:\megasync\μεπ\github repos\visual_tracking\visual_tracking\visual_tracking\source_code\visualtracking.cpp(496): warning C4566: character represented by universal-character-name '\u03C0' cannot be represented in the current code page (1252)
  rotations3D.cpp
  mathLinearAlgebra.cpp
  error.cpp
  controls.cpp
  Source.cpp
  Cuboid3D.cpp
  Cuboid2D.cpp
  CameraStateSpace.cpp
  Camera.cpp
  Generating Code...
  LINK : D:\MegaSync\ΜΕΠ\GitHub Repos\Visual_Tracking\Visual_Tracking\x64\Debug\Visual_Tracking.exe not found or not built by the last incremental link; performing full link
  Visual_Tracking.vcxproj -> D:\MegaSync\ΜΕΠ\GitHub Repos\Visual_Tracking\Visual_Tracking\x64\Debug\Visual_Tracking.exe
  Visual_Tracking.vcxproj -> D:\MegaSync\ΜΕΠ\GitHub Repos\Visual_Tracking\Visual_Tracking\x64\Debug\Visual_Tracking.pdb (Full PDB)
